<?xml version="1.0" encoding="UTF-8" ?>
<testsuite tests="2" failures="0" name="org.lemurproject.galago.core.retrieval.processing.MaxPassageFinderTest" time="0.406" errors="0" skipped="0">
  <properties>
[...]
</properties>
  <testcase classname="org.lemurproject.galago.core.retrieval.processing.MaxPassageFinderTest" name="testMissingPassageQuery" time="0.005"/>
  <testcase classname="org.lemurproject.galago.core.retrieval.processing.MaxPassageFinderTest" name="testEntireCollection" time="0.021"/>
</testsuite>